[20.10.20 09:04:15:738]  INFO gameserver.GameServer: =================================================
[20.10.20 09:04:15:741]  INFO gameserver.GameServer: Revision: ................ exported
[20.10.20 09:04:15:741]  INFO gameserver.GameServer: Build date: .............. 2018.07.19 16:26
[20.10.20 09:04:15:741]  INFO gameserver.GameServer: Compiler version: ........ 1.8.0_171-b11 (Oracle Corporation)
[20.10.20 09:04:15:741]  INFO gameserver.GameServer: =================================================
[20.10.20 09:04:15:860]  INFO chat.ChatFilters: ChatFilters: loaded 3 filter(s).
[20.10.20 09:04:16:103]  INFO db.BaseDataConnectionFactory: DatabaseFactory: Database connection tested and working.
[20.10.20 09:04:16:106]  INFO idfactory.IdFactory: IdFactory: Clear characters online status.
[20.10.20 09:04:16:110]  INFO idfactory.IdFactory: IdFactory: Extracted total 0 used id's.
[20.10.20 09:04:16:110]  INFO idfactory.BitSetIDFactory: IdFactory: 102912 id's available.
[20.10.20 09:04:16:191]  INFO scripts.Scripts: Scripts: Loading...
[20.10.20 09:04:16:463]  INFO scripts.Scripts: Scripts: Loaded 709 classes.
[20.10.20 09:04:16:465]  INFO scripts.Scripts: Extensions: Loading...
[20.10.20 09:04:16:481]  INFO scripts.Scripts: Extensions: Loaded 32 extension classes.
[20.10.20 09:04:16:500]  INFO utils.Strings: Loaded 418 translit entries.
[20.10.20 09:04:16:502]  INFO gameserver.GameTimeController: GameTimeController: initialized. Current time is 12:25 in the day.
[20.10.20 09:04:16:507]  INFO model.World: World Build: Creating regions: [192][272][32].
[20.10.20 09:04:20:518]  INFO htm.HtmCache: HtmCache: parsing 16078 documents; lang: ENGLISH.
[20.10.20 09:04:20:519]  INFO htm.HtmCache: HtmCache: parsing 11748 documents; lang: RUSSIAN.
[20.10.20 09:04:20:538]  INFO data.StringHolder: StringHolder: load strings: 1690 for lang: RUSSIAN
[20.10.20 09:04:20:538]  INFO data.StringHolder: StringHolder: load strings: 1711 for lang: ENGLISH
[20.10.20 09:04:20:900]  INFO holder.EnchantSkillHolder: EnchantSkillHolder: loaded 258 enchant skill(s) count.
[20.10.20 09:04:20:903]  INFO skills.SkillsEngine: Loading skills from 1-99.xml ...
[20.10.20 09:04:21:305]  INFO skills.SkillsEngine: Loading skills from 100-199.xml ...
[20.10.20 09:04:21:363]  INFO skills.SkillsEngine: Loading skills from 200-299.xml ...
[20.10.20 09:04:21:489]  INFO skills.SkillsEngine: Loading skills from 300-399.xml ...
[20.10.20 09:04:21:551]  INFO skills.SkillsEngine: Loading skills from 400-499.xml ...
[20.10.20 09:04:21:627]  INFO skills.SkillsEngine: Loading skills from 1000-1099.xml ...
[20.10.20 09:04:21:760]  INFO skills.SkillsEngine: Loading skills from 1100-1199.xml ...
[20.10.20 09:04:21:839]  INFO skills.SkillsEngine: Loading skills from 1200-1299.xml ...
[20.10.20 09:04:21:984]  INFO skills.SkillsEngine: Loading skills from 1300-1399.xml ...
[20.10.20 09:04:22:051]  INFO skills.SkillsEngine: Loading skills from 1400-1499.xml ...
[20.10.20 09:04:22:086]  INFO skills.SkillsEngine: Loading skills from 2000-2099.xml ...
[20.10.20 09:04:22:102]  INFO skills.SkillsEngine: Loading skills from 2100-2199.xml ...
[20.10.20 09:04:22:119]  INFO skills.SkillsEngine: Loading skills from 2200-2299.xml ...
[20.10.20 09:04:22:140]  INFO skills.SkillsEngine: Loading skills from 2300-2399.xml ...
[20.10.20 09:04:22:151]  INFO skills.SkillsEngine: Loading skills from 2500-2599.xml ...
[20.10.20 09:04:22:161]  INFO skills.SkillsEngine: Loading skills from 3000-3099.xml ...
[20.10.20 09:04:22:182]  INFO skills.SkillsEngine: Loading skills from 3100-3199.xml ...
[20.10.20 09:04:22:220]  INFO skills.SkillsEngine: Loading skills from 3200-3299.xml ...
[20.10.20 09:04:22:630]  INFO skills.SkillsEngine: Loading skills from 3400-3499.xml ...
[20.10.20 09:04:22:646]  INFO skills.SkillsEngine: Loading skills from 3500-3599.xml ...
[20.10.20 09:04:22:657]  INFO skills.SkillsEngine: Loading skills from 3600-3699.xml ...
[20.10.20 09:04:22:663]  INFO skills.SkillsEngine: Loading skills from 3700-3799.xml ...
[20.10.20 09:04:22:673]  INFO skills.SkillsEngine: Loading skills from 3800-3899.xml ...
[20.10.20 09:04:22:682]  INFO skills.SkillsEngine: Loading skills from 3900-3999.xml ...
[20.10.20 09:04:22:688]  INFO skills.SkillsEngine: Loading skills from 4000-4099.xml ...
[20.10.20 09:04:22:708]  INFO skills.SkillsEngine: Loading skills from 4100-4199.xml ...
[20.10.20 09:04:22:733]  INFO skills.SkillsEngine: Loading skills from 4200-4299.xml ...
[20.10.20 09:04:22:754]  INFO skills.SkillsEngine: Loading skills from 4300-4399.xml ...
[20.10.20 09:04:22:768]  INFO skills.SkillsEngine: Loading skills from 4400-4499.xml ...
[20.10.20 09:04:22:783]  INFO skills.SkillsEngine: Loading skills from 4500-4599.xml ...
[20.10.20 09:04:22:803]  INFO skills.SkillsEngine: Loading skills from 4600-4699.xml ...
[20.10.20 09:04:22:828]  INFO skills.SkillsEngine: Loading skills from 4700-4799.xml ...
[20.10.20 09:04:22:855]  INFO skills.SkillsEngine: Loading skills from 4800-4899.xml ...
[20.10.20 09:04:22:862]  INFO skills.SkillsEngine: Loading skills from 4900-4999.xml ...
[20.10.20 09:04:22:869]  INFO skills.SkillsEngine: Loading skills from 5000-5099.xml ...
[20.10.20 09:04:22:887]  INFO skills.SkillsEngine: Loading skills from 5100-5199.xml ...
[20.10.20 09:04:22:904]  INFO skills.SkillsEngine: Loading skills from 5200-5299.xml ...
[20.10.20 09:04:22:923]  INFO skills.SkillsEngine: Loading skills from 5300-5399.xml ...
[20.10.20 09:04:22:947]  INFO skills.SkillsEngine: Loading skills from 5400-5499.xml ...
[20.10.20 09:04:22:958]  INFO skills.SkillsEngine: Loading skills from 5500-5599.xml ...
[20.10.20 09:04:22:971]  INFO skills.SkillsEngine: Loading skills from 5600-5699.xml ...
[20.10.20 09:04:22:987]  INFO skills.SkillsEngine: Loading skills from 5700-5799.xml ...
[20.10.20 09:04:23:002]  INFO skills.SkillsEngine: Loading skills from 5800-5899.xml ...
[20.10.20 09:04:23:015]  INFO skills.SkillsEngine: Loading skills from 5900-5999.xml ...
[20.10.20 09:04:23:026]  INFO skills.SkillsEngine: Loading skills from 6000-6099.xml ...
[20.10.20 09:04:23:036]  INFO skills.SkillsEngine: Loading skills from 6100-6199.xml ...
[20.10.20 09:04:23:044]  INFO skills.SkillsEngine: Loading skills from 6200-6299.xml ...
[20.10.20 09:04:23:053]  INFO skills.SkillsEngine: Loading skills from 6300-6399.xml ...
[20.10.20 09:04:23:063]  INFO skills.SkillsEngine: Loading skills from 6400-6499.xml ...
[20.10.20 09:04:23:075]  INFO skills.SkillsEngine: Loading skills from 6500-6599.xml ...
[20.10.20 09:04:23:122]  INFO skills.SkillsEngine: Loading skills from 6600-6699.xml ...
[20.10.20 09:04:23:138]  INFO skills.SkillsEngine: Loading skills from 6700-6799.xml ...
[20.10.20 09:04:23:147]  INFO skills.SkillsEngine: Loading skills from 6800-6899.xml ...
[20.10.20 09:04:23:157]  INFO skills.SkillsEngine: Loading skills from 6900-6999.xml ...
[20.10.20 09:04:23:159]  INFO skills.SkillsEngine: Loading skills from 7000-7099.xml ...
[20.10.20 09:04:23:169]  INFO skills.SkillsEngine: Loading skills from 9000-9099.xml ...
[20.10.20 09:04:23:169]  INFO skills.SkillsEngine: Loading skills from 90000-90099.xml ...
[20.10.20 09:04:23:171]  INFO skills.SkillsEngine: SkillsEngine: Loaded 5062 skill templates from XML files. Max id: 90053, max level: 170
[20.10.20 09:04:23:551]  INFO holder.OptionDataHolder: OptionDataHolder: loaded 16380 option data(s) count.
[20.10.20 09:04:24:088]  INFO holder.ItemHolder: ItemHolder: loaded 9207 item(s) count.
[20.10.20 09:04:24:094]  INFO holder.VariationGroupHolder: VariationGroupHolder: loaded 400 variation group(s) count.
[20.10.20 09:04:24:194]  INFO holder.VariationChanceHolder: VariationChanceHolder: loaded 40 variation chance(s) count.
[20.10.20 09:04:26:002]  INFO holder.NpcHolder: NpcHolder: loaded 6525 npc(s) count.
[20.10.20 09:04:26:012]  INFO instancemanager.MapRegionManager: MapRegionManager: loaded 204 map region manager(s) count.
[20.10.20 09:04:26:033]  INFO instancemanager.MapRegionManager: MapRegionManager: loaded 204 map region manager(s) count.
[20.10.20 09:04:26:037]  INFO holder.StaticObjectHolder: StaticObjectHolder: loaded 29 static object(s) count.
[20.10.20 09:04:26:096]  INFO holder.DoorHolder: DoorHolder: loaded 551 door(s) count.
[20.10.20 09:04:26:132]  INFO holder.ZoneHolder: ZoneHolder: loaded 914 zone(s) count.
[20.10.20 09:04:26:506]  INFO holder.SpawnHolder: SpawnHolder: loaded 28523 spawn(s) count.
[20.10.20 09:04:26:518]  INFO holder.InstantZoneHolder: InstantZoneHolder: loaded 9 instant zone(s) count.
[20.10.20 09:04:27:005]  INFO holder.SkillAcquireHolder: SkillAcquireHolder: load 45663 normal learns for 89 classes.
[20.10.20 09:04:27:005]  INFO holder.SkillAcquireHolder: SkillAcquireHolder: load 553 fishing learns for 5 races.
[20.10.20 09:04:27:005]  INFO holder.SkillAcquireHolder: SkillAcquireHolder: load 64 pledge learns.
[20.10.20 09:04:27:065]  INFO holder.ResidenceHolder: ResidenceHolder: total size: 53
[20.10.20 09:04:27:065]  INFO holder.ResidenceHolder: ResidenceHolder:  - load 9 castle(s).
[20.10.20 09:04:27:065]  INFO holder.ResidenceHolder: ResidenceHolder:  - load 44 clanhall(s).
[20.10.20 09:04:27:098]  INFO instancemanager.RaidBossSpawnManager: RaidBossSpawnManager: Loaded 0 Statuses
[20.10.20 09:04:27:132]  INFO entity.SevenSigns: SevenSigns: Currently in the Competition (Quest Event) period!
[20.10.20 09:04:27:132]  INFO entity.SevenSigns: SevenSigns: The Seal of Avarice remains unclaimed.
[20.10.20 09:04:27:132]  INFO entity.SevenSigns: SevenSigns: The Seal of Gnosis remains unclaimed.
[20.10.20 09:04:27:132]  INFO entity.SevenSigns: SevenSigns: The Seal of Strife remains unclaimed.
[20.10.20 09:04:27:132]  INFO entity.SevenSigns: SevenSigns: The Competition this week, if the trend continue, will end with a tie.
[20.10.20 09:04:27:133]  INFO entity.SevenSigns: SevenSigns: Next period begins in 6 days, 8 hours and 55 mins.
[20.10.20 09:04:27:184]  INFO holder.EventHolder: EventHolder: loaded 66 event(s) count.
[20.10.20 09:04:27:188]  INFO holder.CubicHolder: CubicHolder: loaded 73 cubic(s) count.
[20.10.20 09:04:27:212]  INFO holder.RecipeHolder: RecipeHolder: loaded 870 recipe(s) count.
[20.10.20 09:04:27:279]  INFO holder.BuyListHolder: TradeController: Loaded 4 file(s).
[20.10.20 09:04:27:280]  INFO holder.BuyListHolder: TradeController: Loaded 21101 Items.
[20.10.20 09:04:27:280]  INFO holder.BuyListHolder: TradeController: Loaded 788 Buylists.
[20.10.20 09:04:27:424]  INFO holder.HennaHolder: HennaHolder: loaded 180 henna(s) count.
[20.10.20 09:04:27:427]  INFO holder.EnchantItemHolder: EnchantItemHolder: load 30 enchant item(s).
[20.10.20 09:04:27:428]  INFO holder.SoulCrystalHolder: SoulCrystalHolder: loaded 39 soul crystal(s) count.
[20.10.20 09:04:27:430]  INFO holder.ArmorSetsHolder: ArmorSetsHolder: loaded 55 armor sets(s) count.
[20.10.20 09:04:27:437]  INFO holder.FishDataHolder: FishDataHolder: load 278 fish(es).
[20.10.20 09:04:27:437]  INFO holder.FishDataHolder: FishDataHolder: load 30 lure(s).
[20.10.20 09:04:27:437]  INFO holder.FishDataHolder: FishDataHolder: load 4 distribution(s).
[20.10.20 09:04:27:440]  INFO holder.CapsuleItemHolder: CapsuleItemHolder: loaded 29 capsule item(s) count.
[20.10.20 09:04:27:443]  INFO cache.CrestCache: CrestCache: Loaded 0 crests
[20.10.20 09:04:27:448]  INFO tables.SkillTreeTable: SkillTreeTable: Loaded 0 enchanted skills.
[20.10.20 09:04:27:463]  INFO tables.CharTemplateTable: CharTemplateTable: Loaded 178 Character Templates.
[20.10.20 09:04:27:522]  INFO tables.PetSkillsTable: PetSkillsTable: Loaded 2711 skills.
[20.10.20 09:04:28:058]  INFO parsers.MoveRouteHolder: MoveRouteHolder: loaded 149 move route(s) count.
[20.10.20 09:04:29:747]  INFO instancemanager.SpawnManager: SpawnManager: spawned 7000 npc for group: ALL
[20.10.20 09:04:29:837]  INFO instancemanager.SpawnManager: SpawnManager: spawned 8000 npc for group: ALL
[20.10.20 09:04:29:923]  INFO instancemanager.SpawnManager: SpawnManager: spawned 9000 npc for group: ALL
[20.10.20 09:04:30:229]  INFO instancemanager.SpawnManager: SpawnManager: spawned 14000 npc for group: ALL
[20.10.20 09:04:30:330]  INFO instancemanager.SpawnManager: SpawnManager: spawned 16000 npc for group: ALL
[20.10.20 09:04:30:381]  INFO instancemanager.SpawnManager: SpawnManager: spawned 17000 npc for group: ALL
[20.10.20 09:04:30:450]  INFO instancemanager.SpawnManager: SpawnManager: spawned 18000 npc for group: ALL
[20.10.20 09:04:30:662]  INFO instancemanager.SpawnManager: SpawnManager: spawned 110 npc; spawns: 110; group: [guard_of_andreas]
[20.10.20 09:04:30:751]  INFO instancemanager.SpawnManager: SpawnManager: spawned 23000 npc for group: ALL
[20.10.20 09:04:30:898]  INFO instancemanager.SpawnManager: SpawnManager: spawned 26000 npc for group: ALL
[20.10.20 09:04:31:056]  INFO instancemanager.SpawnManager: SpawnManager: spawned 29000 npc for group: ALL
[20.10.20 09:04:31:155]  INFO instancemanager.SpawnManager: SpawnManager: spawned 30476 npc; spawns: 14335; group: ALL
[20.10.20 09:04:31:195]  INFO instancemanager.SpawnManager: SpawnManager: spawned 1000 npc for group: [treasure_box]
[20.10.20 09:04:31:229]  INFO instancemanager.SpawnManager: SpawnManager: spawned 2000 npc for group: [treasure_box]
[20.10.20 09:04:31:258]  INFO instancemanager.SpawnManager: SpawnManager: spawned 2718 npc; spawns: 2149; group: [treasure_box]
[20.10.20 09:04:31:262]  INFO instancemanager.SpawnManager: SpawnManager: spawned 18 npc; spawns: 18; group: [lotto_manager]
[20.10.20 09:04:31:262]  INFO data.BoatHolder: BoatHolder: loaded 5 boat(s) count.
[20.10.20 09:04:31:265]  INFO data.BoatHolder: BoatHolder: Spawning: RunePrimevalBoat
[20.10.20 09:04:31:265]  INFO data.BoatHolder: BoatHolder: Spawning: GiranTalkingIslandBoat
[20.10.20 09:04:31:265]  INFO data.BoatHolder: BoatHolder: Spawning: GludinTalkingIslandBoat
[20.10.20 09:04:31:266]  INFO data.BoatHolder: BoatHolder: Spawning: RuneGludinBoat
[20.10.20 09:04:31:266]  INFO data.BoatHolder: BoatHolder: Spawning: InnadrilPleasureBoat
[20.10.20 09:04:31:268]  INFO holder.StaticObjectHolder: StaticObjectHolder: spawned: 29 static object(s).
[20.10.20 09:04:31:281]  INFO achievements.Achievements: Achievements: Loaded 0 achievement(s) for 0 category(ies).
[20.10.20 09:04:31:312]  INFO bosses.AntharasManager: AntharasManager: State of Antharas is NOTSPAWN.
[20.10.20 09:04:31:313]  INFO bosses.AntharasManager: AntharasManager: Next spawn date of Antharas is 03:00 01.01.1970.
[20.10.20 09:04:31:317]  INFO bosses.BaiumManager: BaiumManager: State of Baium is NOTSPAWN.
[20.10.20 09:04:31:317]  INFO bosses.BaiumManager: BaiumManager: Next spawn date: 03:00 01.01.1970
[20.10.20 09:04:31:325]  INFO bosses.FourSepulchersSpawn: FourSepulchersManager: Loaded 20 Mysterious-Box spawns.
[20.10.20 09:04:31:352]  INFO bosses.FourSepulchersSpawn: FourSepulchersManager: loaded 716 physical monsters spawns.
[20.10.20 09:04:31:378]  INFO bosses.FourSepulchersSpawn: FourSepulchersManager: loaded 716 magical monsters spawns.
[20.10.20 09:04:31:386]  INFO bosses.FourSepulchersSpawn: FourSepulchersManager: loaded 92 Church of duke monsters spawns.
[20.10.20 09:04:31:391]  INFO bosses.FourSepulchersSpawn: FourSepulchersManager: loaded 68 Emperor's grave NPC spawns.
[20.10.20 09:04:31:394]  INFO bosses.FourSepulchersSpawn: FourSepulchersManager: Spawned Conquerors' Sepulcher Manager
[20.10.20 09:04:31:395]  INFO bosses.FourSepulchersSpawn: FourSepulchersManager: Spawned Emperors' Sepulcher Manager
[20.10.20 09:04:31:395]  INFO bosses.FourSepulchersSpawn: FourSepulchersManager: Spawned Great Sages' Sepulcher Manager
[20.10.20 09:04:31:395]  INFO bosses.FourSepulchersSpawn: FourSepulchersManager: Spawned Judges' Sepulcher Manager
[20.10.20 09:04:31:396]  INFO bosses.FourSepulchersManager: FourSepulchersManager: Beginning in Attack time
[20.10.20 09:04:31:399]  INFO threading.RunnableImpl: Tue Oct 20 09:04:31 MSK 2020 Atk announce scheduled to 5.0 minute of this hour.
[20.10.20 09:04:31:448]  INFO bosses.FrintezzaManager: FrintezzaManager: State of Frintezza is NOTSPAWN.
[20.10.20 09:04:31:448]  INFO bosses.FrintezzaManager: FrintezzaManager: Next spawn date of Frintezza is Thu Jan 01 03:00:00 MSK 1970.
[20.10.20 09:04:31:450]  INFO bosses.SailrenManager: SailrenManager: State of Sailren is NOTSPAWN.
[20.10.20 09:04:31:450]  INFO bosses.SailrenManager: SailrenManager: Next spawn date of Sailren is 03:00 01.01.1970.
[20.10.20 09:04:31:452]  INFO bosses.ValakasManager: ValakasManager: State of Valakas is NOTSPAWN.
[20.10.20 09:04:31:452]  INFO bosses.ValakasManager: ValakasManager: Next spawn date of Valakas is 03:00 01.01.1970.
[20.10.20 09:04:31:453]  INFO Christmas.Christmas: Loaded Event: Christmas [state: deactivated]
[20.10.20 09:04:31:454]  INFO CofferofShadows.CofferofShadows: Loaded Event: Coffer of Shadows [state: deactivated]
[20.10.20 09:04:31:454]  INFO DropEvent.DropEvent: Loaded Event: Drop Event [state: deactivated]
[20.10.20 09:04:31:455]  INFO Finder.Finder: Loaded Event: 'Finder' [state: deactivated]
[20.10.20 09:04:31:455]  INFO GvG.GvG: Loaded Event: GvG [state: deactivated]
[20.10.20 09:04:31:456]  INFO Halloween.Halloween: Loaded Event: 'HalloweenEvent' [state: deactivated]
[20.10.20 09:04:31:457]  INFO Kamaloka.kamaloka: Loaded Event: Kamaloka [state: deactivated]
[20.10.20 09:04:31:457]  INFO PcCafePointsExchange.PcCafePointsExchange: Loaded Event: PcCafePointsExchange [state: deactivated]
[20.10.20 09:04:31:458]  INFO SavingSnowman.SavingSnowman: Loaded Event: SavingSnowman [state: deactivated]
[20.10.20 09:04:31:458]  INFO StraightHands.StraightHands: Loaded Event: StraightHands [state: deactivated]
[20.10.20 09:04:31:459]  INFO TheFallHarvest.TheFallHarvest: Loaded Event: The Fall Harvest [state: deactivated]
[20.10.20 09:04:31:459]  INFO TrickOfTrans.TrickOfTrans: Loaded Event: Trick of Trnasmutation [state: deactivated]
[20.10.20 09:04:31:461]  INFO TvT.TvT: Loaded Event: TvT [state: deactivated]
[20.10.20 09:04:31:462]  INFO TvT2.PvPEvent: PvPEvent: [state: inactive]
[20.10.20 09:04:31:464]  INFO TvTArena.TvTArena1: Loaded Event: TvT Arena 1 [state: deactivated]
[20.10.20 09:04:31:465]  INFO TvTArena.TvTArena2: Loaded Event: TvT Arena 2 [state: deactivated]
[20.10.20 09:04:31:466]  INFO TvTArena.TvTArena3: Loaded Event: TvT Arena 3 [state: deactivated]
[20.10.20 09:04:31:467]  INFO glitmedal.glitmedal: Loaded Event: L2 Medal Collection Event [state: deactivated]
[20.10.20 09:04:31:467]  INFO heart.heart: Loaded Event: Change of Heart[state: deactivated]
[20.10.20 09:04:31:468]  INFO l2day.LettersCollection: Loaded Event: l2day [state: deactivated]
[20.10.20 09:04:31:469]  INFO lastHero.LastHero: Loaded Event: LastHero [state: deactivated]
[20.10.20 09:04:31:486]  INFO tables.FishTable: FishTable: Loaded 278 fishes.
[20.10.20 09:04:31:491]  INFO tables.FishTable: FishTable: Loaded 919 fish rewards.
[20.10.20 09:04:31:537]  INFO tables.PetDataTable: PetDataTable: Loaded 972 pets.
[20.10.20 09:04:31:544]  INFO model.Manor: ManorManager: Loaded 256 seeds
[20.10.20 09:04:31:764]  INFO services.Buffer: Buffer: Loaded 217 buff template(s).
[20.10.20 09:04:31:765]  INFO services.Buffer: Buffer: Loaded 1 buff item(s).
[20.10.20 09:04:31:765]  INFO services.ClanHelperService: ClanHelperService: Disabled
[20.10.20 09:04:31:771]  INFO services.QuestSell: QuestSellService: Loading ...
[20.10.20 09:04:31:775]  INFO services.SupportMagic: SupportMagic: Loaded 14 newbie buff(s).
[20.10.20 09:04:31:781]  INFO community.ClanCommunity: CommunityBoard: Clan Community service loaded.
[20.10.20 09:04:31:781]  INFO community.CommunityBoard: CommunityBoard: service loaded.
[20.10.20 09:04:31:782]  INFO community.ManageFavorites: CommunityBoard: Manage Favorites service loaded.
[20.10.20 09:04:31:782]  INFO community.ManageFriends: CommunityBoard: Manage Friends service loaded.
[20.10.20 09:04:31:783]  INFO community.ManageMemo: CommunityBoard: Manage Memo service loaded.
[20.10.20 09:04:31:783]  INFO community.PrivateMail: CommunityBoard: Private Mail service loaded.
[20.10.20 09:04:31:785]  INFO community.RegionCommunity: CommunityBoard: Region service loaded.
[20.10.20 09:04:31:785]  INFO custom.ACbConfigManager: CommunityBoard: Custom Community Config loaded.
[20.10.20 09:04:31:788]  INFO custom.CommunityServices: CommunityBoard: CommunityServices loaded.
[20.10.20 09:04:31:789]  INFO custom.CommunityTeleport: CommunityBoard: CommunityTeleport loaded.
[20.10.20 09:04:31:792]  INFO zones.AutoBuffZone: AutoBuffZone: Loaded 0 auto buff zone(s).
[20.10.20 09:04:31:793]  INFO zones.ClassIdLimitZone: ClassIdLimitZone: Loaded 0 player class id limit zone(s).
[20.10.20 09:04:31:794]  INFO zones.LevelLimitZone: LevelLimitZone: Loaded 1 player level limit zone(s).
[20.10.20 09:04:31:801]  INFO instancemanager.DimensionalRiftManager: DimensionalRiftManager: Loaded 7 room types with 58 rooms.
[20.10.20 09:04:31:801]  INFO instancemanager.DimensionalRiftManager: DimensionalRiftManager: Loaded 150 dimensional rift spawns, 0 errors.
[20.10.20 09:04:31:806]  INFO games.LotteryManager: Lottery: Starting ticket sell for lottery #1.
[20.10.20 09:04:31:807]  INFO threading.RunnableImpl: Lottery: Stopping ticket sell for lottery #1.
[20.10.20 09:04:31:808]  INFO threading.RunnableImpl: Lottery: Ending lottery #1.
[20.10.20 09:04:31:808]  INFO threading.RunnableImpl: Lottery: The lucky numbers are 18, 12, 15, 10, 3.
[20.10.20 09:04:31:808]  INFO threading.RunnableImpl: Lottery: Encoded lucky numbers are 18948, 2
[20.10.20 09:04:31:828]  INFO threading.RunnableImpl: Lottery: Jackpot for next lottery is 50000.
[20.10.20 09:04:31:857]  INFO oly.NoblesController: NoblesController: loaded 0 nobleses.
[20.10.20 09:04:31:862]  INFO oly.NoblesController: NoblesController: Computing ranks.
[20.10.20 09:04:31:871]  INFO oly.OlyController: Oly: Generating a new season 1
[20.10.20 09:04:31:880]  INFO oly.OlyController: OlyController: Season 1 started.
[20.10.20 09:04:31:881]  INFO oly.OlyController: OlyController: Season 1 end schedule at 00:00:00 01.11.2020
[20.10.20 09:04:31:881]  INFO oly.OlyController: OlyController: Season 1 nomination schedule at 12:00:00 01.11.2020
[20.10.20 09:04:31:882]  INFO oly.OlyController: OlyController: Season 1 competitions schedule at [;18:00:00 20.10.2020-00:00:00 21.10.2020;18:00:00 21.10.2020-00:00:00 22.10.2020;18:00:00 22.10.2020-00:00:00 23.10.2020;18:00:00 23.10.2020-00:00:00 24.10.2020;18:00:00 24.10.2020-00:00:00 25.10.2020;18:00:00 25.10.2020-00:00:00 26.10.2020;18:00:00 26.10.2020-00:00:00 27.10.2020;18:00:00 27.10.2020-00:00:00 28.10.2020;18:00:00 28.10.2020-00:00:00 29.10.2020;18:00:00 29.10.2020-00:00:00 30.10.2020;18:00:00 30.10.2020-00:00:00 31.10.2020;18:00:00 31.10.2020-23:55:00 31.10.2020]
[20.10.20 09:04:31:882]  INFO oly.OlyController: OlyController: Season 1 bonuses schedule at [;18:30:00 23.10.2020;18:30:00 30.10.2020]
[20.10.20 09:04:31:890]  INFO instancemanager.PetitionManager: Initializing PetitionManager
[20.10.20 09:04:31:892]  INFO instancemanager.CoupleManager: Initializing CoupleManager
[20.10.20 09:04:31:893]  INFO instancemanager.CoupleManager: Loaded: 0 couples(s)
[20.10.20 09:04:31:894]  INFO gameserver.GameServer: CoupleManager initialized
[20.10.20 09:04:31:894]  INFO admincommands.AdminCommandHandler: AdminCommandHandler: loaded 373 admin command handler(s) count.
[20.10.20 09:04:31:894]  INFO usercommands.UserCommandHandler: UserCommandHandler: loaded 15 user command handler(s) count.
[20.10.20 09:04:31:906]  INFO voicecommands.VoicedCommandHandler: VoicedCommandHandler: loaded 39 voiced command handler(s) count.
[20.10.20 09:04:31:914]  INFO gameserver.GameServer: =[Events]=========================================
[20.10.20 09:04:32:138]  INFO impl.CastleSiegeEvent: CastleSiegeEvent: Gludio Castle time - 16:00 25.10.2020
[20.10.20 09:04:32:178]  INFO impl.CastleSiegeEvent: CastleSiegeEvent: Dion Castle time - 16:00 25.10.2020
[20.10.20 09:04:32:207]  INFO impl.CastleSiegeEvent: CastleSiegeEvent: Giran Castle time - 20:00 25.10.2020
[20.10.20 09:04:32:242]  INFO impl.CastleSiegeEvent: CastleSiegeEvent: Oren Castle time - 20:00 25.10.2020
[20.10.20 09:04:32:266]  INFO impl.CastleSiegeEvent: CastleSiegeEvent: Aden Castle time - 16:00 25.10.2020
[20.10.20 09:04:32:296]  INFO impl.CastleSiegeEvent: CastleSiegeEvent: Innadril Castle time - 20:00 25.10.2020
[20.10.20 09:04:32:314]  INFO impl.CastleSiegeEvent: CastleSiegeEvent: Goddard Castle time - 20:00 25.10.2020
[20.10.20 09:04:32:341]  INFO impl.CastleSiegeEvent: CastleSiegeEvent: Rune Castle time - 16:00 25.10.2020
[20.10.20 09:04:32:372]  INFO impl.CastleSiegeEvent: CastleSiegeEvent: Schuttgart Castle time - 16:00 25.10.2020
[20.10.20 09:04:32:395]  INFO impl.ClanHallNpcSiegeEvent: ClanHallNpcSiegeEvent: Fortress Of Resistance time - 18:00 26.10.2020
[20.10.20 09:04:32:404]  INFO impl.ClanHallAuctionEvent: ClanHallAuctionEvent: Moonstone Hall time - 15:00 19.10.2020
[20.10.20 09:04:32:422]  INFO impl.ClanHallAuctionEvent: ClanHallAuctionEvent: Onyx Hall time - 15:00 19.10.2020
[20.10.20 09:04:32:429]  INFO impl.ClanHallAuctionEvent: ClanHallAuctionEvent: Topaz Hall time - 15:00 19.10.2020
[20.10.20 09:04:32:440]  INFO impl.ClanHallAuctionEvent: ClanHallAuctionEvent: Ruby Hall time - 15:00 19.10.2020
[20.10.20 09:04:32:447]  INFO impl.ClanHallAuctionEvent: ClanHallAuctionEvent: Crystal Hall time - 15:00 19.10.2020
[20.10.20 09:04:32:455]  INFO impl.ClanHallAuctionEvent: ClanHallAuctionEvent: Onyx Hall time - 15:00 19.10.2020
[20.10.20 09:04:32:464]  INFO impl.ClanHallAuctionEvent: ClanHallAuctionEvent: Sapphire Hall time - 15:00 19.10.2020
[20.10.20 09:04:32:473]  INFO impl.ClanHallAuctionEvent: ClanHallAuctionEvent: Moonstone Hall time - 15:00 19.10.2020
[20.10.20 09:04:32:490]  INFO impl.ClanHallAuctionEvent: ClanHallAuctionEvent: Emerald Hall time - 15:00 19.10.2020
[20.10.20 09:04:32:498]  INFO impl.ClanHallAuctionEvent: ClanHallAuctionEvent: The Atramental Barracks time - 15:00 19.10.2020
[20.10.20 09:04:32:508]  INFO impl.ClanHallAuctionEvent: ClanHallAuctionEvent: The Scarlet Barracks time - 15:00 19.10.2020
[20.10.20 09:04:32:520]  INFO impl.ClanHallAuctionEvent: ClanHallAuctionEvent: The Viridian Barracks time - 15:00 19.10.2020
[20.10.20 09:04:32:538]  INFO impl.ClanHallSiegeEvent: ClanHallSiegeEvent: Devastated Castle time - 18:00 31.10.2020
[20.10.20 09:04:32:549]  INFO impl.ClanHallTeamBattleEvent: ClanHallTeamBattleEvent: Bandit Stronghold time - 22:00 31.10.2020
[20.10.20 09:04:32:565]  INFO impl.ClanHallAuctionEvent: ClanHallAuctionEvent: The Golden Chamber time - 15:00 19.10.2020
[20.10.20 09:04:32:574]  INFO impl.ClanHallAuctionEvent: ClanHallAuctionEvent: The Silver Chamber time - 15:00 19.10.2020
[20.10.20 09:04:32:582]  INFO impl.ClanHallAuctionEvent: ClanHallAuctionEvent: The Mithril Chamber time - 15:00 19.10.2020
[20.10.20 09:04:32:588]  INFO impl.ClanHallAuctionEvent: ClanHallAuctionEvent: Silver Manor time - 15:00 19.10.2020
[20.10.20 09:04:32:595]  INFO impl.ClanHallAuctionEvent: ClanHallAuctionEvent: Gold Manor time - 15:00 19.10.2020
[20.10.20 09:04:32:600]  INFO impl.ClanHallAuctionEvent: ClanHallAuctionEvent: The Bronze Chamber time - 15:00 19.10.2020
[20.10.20 09:04:32:609]  INFO impl.ClanHallAuctionEvent: ClanHallAuctionEvent: The Golden Chamber time - 15:00 19.10.2020
[20.10.20 09:04:32:618]  INFO impl.ClanHallAuctionEvent: ClanHallAuctionEvent: The Silver Chamber time - 15:00 19.10.2020
[20.10.20 09:04:32:623]  INFO impl.ClanHallAuctionEvent: ClanHallAuctionEvent: The Mithril Chamber time - 15:00 19.10.2020
[20.10.20 09:04:32:628]  INFO impl.ClanHallAuctionEvent: ClanHallAuctionEvent: The Bronze Chamber time - 15:00 19.10.2020
[20.10.20 09:04:32:637]  INFO impl.ClanHallAuctionEvent: ClanHallAuctionEvent: Silver Manor time - 15:00 19.10.2020
[20.10.20 09:04:32:647]  INFO impl.ClanHallAuctionEvent: ClanHallAuctionEvent: Moonstone Hall time - 15:00 19.10.2020
[20.10.20 09:04:32:654]  INFO impl.ClanHallAuctionEvent: ClanHallAuctionEvent: Onyx Hall time - 15:00 19.10.2020
[20.10.20 09:04:32:667]  INFO impl.ClanHallAuctionEvent: ClanHallAuctionEvent: Emerald Hall time - 15:00 19.10.2020
[20.10.20 09:04:32:675]  INFO impl.ClanHallAuctionEvent: ClanHallAuctionEvent: Sapphire Hall time - 15:00 19.10.2020
[20.10.20 09:04:32:684]  INFO impl.ClanHallAuctionEvent: ClanHallAuctionEvent: Mont Chamber time - 15:00 19.10.2020
[20.10.20 09:04:32:702]  INFO impl.ClanHallAuctionEvent: ClanHallAuctionEvent: Astaire Chamber time - 15:00 19.10.2020
[20.10.20 09:04:32:711]  INFO impl.ClanHallAuctionEvent: ClanHallAuctionEvent: Aria Chamber time - 15:00 19.10.2020
[20.10.20 09:04:32:720]  INFO impl.ClanHallAuctionEvent: ClanHallAuctionEvent: Yiana Chamber time - 15:00 19.10.2020
[20.10.20 09:04:32:726]  INFO impl.ClanHallAuctionEvent: ClanHallAuctionEvent: Roien Chamber time - 15:00 19.10.2020
[20.10.20 09:04:32:735]  INFO impl.ClanHallAuctionEvent: ClanHallAuctionEvent: Luna Chamber time - 15:00 19.10.2020
[20.10.20 09:04:32:740]  INFO impl.ClanHallAuctionEvent: ClanHallAuctionEvent: Traban Chamber time - 15:00 19.10.2020
[20.10.20 09:04:32:744]  INFO impl.ClanHallAuctionEvent: ClanHallAuctionEvent: Eisen Hall time - 15:00 19.10.2020
[20.10.20 09:04:32:754]  INFO impl.ClanHallAuctionEvent: ClanHallAuctionEvent: Heavy Metal Hall time - 15:00 19.10.2020
[20.10.20 09:04:32:759]  INFO impl.ClanHallAuctionEvent: ClanHallAuctionEvent: Molten Ore Hall time - 15:00 19.10.2020
[20.10.20 09:04:32:764]  INFO impl.ClanHallAuctionEvent: ClanHallAuctionEvent: Titan Hall time - 15:00 19.10.2020
[20.10.20 09:04:32:781]  INFO impl.ClanHallMiniGameEvent: ClanHallMiniGameEvent: Rainbow Springs time - 22:00 31.10.2020
[20.10.20 09:04:32:787]  INFO impl.ClanHallTeamBattleEvent: ClanHallTeamBattleEvent: Wild Beast Reserve time - 21:00 31.10.2020
[20.10.20 09:04:32:792]  INFO impl.ClanHallSiegeEvent: ClanHallSiegeEvent: Fortress of Dead time - 18:00 31.10.2020
[20.10.20 09:04:32:792]  INFO gameserver.GameServer: ==================================================
[20.10.20 09:04:32:793]  INFO instancemanager.CastleManorManager: Manor System: Initializing...
[20.10.20 09:04:32:805]  INFO gameserver.GameServer: IdFactory: Free ObjectID's remaining: 1879010133
[20.10.20 09:04:32:819]  INFO instancemanager.CursedWeaponsManager: CursedWeaponsManager: Loaded 2 cursed weapon(s).
[20.10.20 09:04:32:824]  INFO threading.RunnableImpl: Fishing Championship Manager : start new event period.
[20.10.20 09:04:32:825]  INFO taskmanager.L2TopRuManager: L2TopRuManager: Initializing.
[20.10.20 09:04:32:835]  INFO gameserver.Shutdown: Scheduled server restart in 19h 55m 28s.
[20.10.20 09:04:32:836]  INFO gameserver.GameServer: GameServer Started
[20.10.20 09:04:32:836]  INFO gameserver.GameServer: Maximum Numbers of Connected Players: 3000
[20.10.20 09:04:32:926]  INFO authcomm.AuthServerCommunication: Connecting to authserver on 127.0.0.1:9014
[20.10.20 09:04:32:980]  INFO as2gs.AuthResponse: Registered on authserver as 1 [Bartz]
[20.10.20 09:04:32:968]  INFO instancemanager.SpawnManager: SpawnManager: spawned 444 npc; spawns: 122; group: DAY
[20.10.20 09:04:33:013]  INFO instancemanager.SpawnManager: SpawnManager: spawned 1000 npc for group: [ssq_event]
[20.10.20 09:04:33:060]  INFO instancemanager.SpawnManager: SpawnManager: spawned 2000 npc for group: [ssq_event]
[20.10.20 09:04:33:083]  INFO instancemanager.SpawnManager: SpawnManager: spawned 2612 npc; spawns: 1716; group: [ssq_event]
[20.10.20 09:04:33:083]  INFO gameserver.GameServer: Telnet server is currently disabled.
[20.10.20 09:04:33:084]  INFO gameserver.GameServer: =================================================
[20.10.20 09:04:33:087]  INFO gameserver.GameServer: AllowedMemory: ........... 29127168 KB
[20.10.20 09:04:33:087]  INFO gameserver.GameServer:      Allocated: .......... 942080 KB (3.2344%)
[20.10.20 09:04:33:087]  INFO gameserver.GameServer:      Non-Allocated: ...... 28185088 KB (96.7656%)
[20.10.20 09:04:33:087]  INFO gameserver.GameServer: AllocatedMemory: ......... 942080 KB
[20.10.20 09:04:33:087]  INFO gameserver.GameServer:      Used: ............... 772871 KB (2.6534%)
[20.10.20 09:04:33:087]  INFO gameserver.GameServer:      Unused (cached): .... 169208 KB (0.5809%)
[20.10.20 09:04:33:087]  INFO gameserver.GameServer: UseableMemory: ........... 28354296 KB (97.3466%)
[20.10.20 09:04:33:087]  INFO gameserver.GameServer: =================================================
[20.10.20 09:05:02:917]  INFO tasks.RestoreOfflineTraders: Restored 0 offline traders
[20.10.20 09:05:31:832]  INFO threading.RunnableImpl: Lottery: Ending lottery #2.
[20.10.20 09:05:31:833]  INFO threading.RunnableImpl: Lottery: The lucky numbers are 12, 5, 6, 13, 16.
[20.10.20 09:05:31:833]  INFO threading.RunnableImpl: Lottery: Encoded lucky numbers are 38960, 0
[20.10.20 09:05:31:834]  INFO threading.RunnableImpl: Lottery: Jackpot for next lottery is 50000.
[20.10.20 09:06:31:838]  INFO games.LotteryManager: Lottery: Starting ticket sell for lottery #3.
[20.10.20 09:50:31:399]  INFO threading.RunnableImpl: FourSepulchersManager: Entry time: Tue Oct 20 09:55:31 MSK 2020
