[09:04:15]  INFO =================================================
[09:04:15]  INFO Revision: ................ exported
[09:04:15]  INFO Build date: .............. 2018.07.19 16:26
[09:04:15]  INFO Compiler version: ........ 1.8.0_171-b11 (Oracle Corporation)
[09:04:15]  INFO =================================================
[09:04:15]  INFO ChatFilters: loaded 3 filter(s).
[09:04:16]  INFO DatabaseFactory: Database connection tested and working.
[09:04:16]  INFO IdFactory: Clear characters online status.
[09:04:16]  INFO IdFactory: Extracted total 0 used id's.
[09:04:16]  INFO IdFactory: 102912 id's available.
[09:04:16]  INFO Scripts: Loading...
[09:04:16]  INFO Scripts: Loaded 709 classes.
[09:04:16]  INFO Extensions: Loading...
[09:04:16]  INFO Extensions: Loaded 32 extension classes.
[09:04:16]  INFO Loaded 418 translit entries.
[09:04:16]  INFO GameTimeController: initialized. Current time is 12:25 in the day.
[09:04:16]  INFO World Build: Creating regions: [192][272][32].
[09:04:20]  INFO HtmCache: parsing 16078 documents; lang: ENGLISH.
[09:04:20]  INFO HtmCache: parsing 11748 documents; lang: RUSSIAN.
[09:04:20]  INFO StringHolder: load strings: 1690 for lang: RUSSIAN
[09:04:20]  INFO StringHolder: load strings: 1711 for lang: ENGLISH
[09:04:20]  INFO EnchantSkillHolder: loaded 258 enchant skill(s) count.
[09:04:20]  INFO Loading skills from 1-99.xml ...
[09:04:21]  INFO Loading skills from 100-199.xml ...
[09:04:21]  INFO Loading skills from 200-299.xml ...
[09:04:21]  INFO Loading skills from 300-399.xml ...
[09:04:21]  INFO Loading skills from 400-499.xml ...
[09:04:21]  INFO Loading skills from 1000-1099.xml ...
[09:04:21]  INFO Loading skills from 1100-1199.xml ...
[09:04:21]  INFO Loading skills from 1200-1299.xml ...
[09:04:21]  INFO Loading skills from 1300-1399.xml ...
[09:04:22]  INFO Loading skills from 1400-1499.xml ...
[09:04:22]  INFO Loading skills from 2000-2099.xml ...
[09:04:22]  INFO Loading skills from 2100-2199.xml ...
[09:04:22]  INFO Loading skills from 2200-2299.xml ...
[09:04:22]  INFO Loading skills from 2300-2399.xml ...
[09:04:22]  INFO Loading skills from 2500-2599.xml ...
[09:04:22]  INFO Loading skills from 3000-3099.xml ...
[09:04:22]  INFO Loading skills from 3100-3199.xml ...
[09:04:22]  INFO Loading skills from 3200-3299.xml ...
[09:04:22]  INFO Loading skills from 3400-3499.xml ...
[09:04:22]  INFO Loading skills from 3500-3599.xml ...
[09:04:22]  INFO Loading skills from 3600-3699.xml ...
[09:04:22]  INFO Loading skills from 3700-3799.xml ...
[09:04:22]  INFO Loading skills from 3800-3899.xml ...
[09:04:22]  INFO Loading skills from 3900-3999.xml ...
[09:04:22]  INFO Loading skills from 4000-4099.xml ...
[09:04:22]  INFO Loading skills from 4100-4199.xml ...
[09:04:22]  INFO Loading skills from 4200-4299.xml ...
[09:04:22]  INFO Loading skills from 4300-4399.xml ...
[09:04:22]  INFO Loading skills from 4400-4499.xml ...
[09:04:22]  INFO Loading skills from 4500-4599.xml ...
[09:04:22]  INFO Loading skills from 4600-4699.xml ...
[09:04:22]  INFO Loading skills from 4700-4799.xml ...
[09:04:22]  INFO Loading skills from 4800-4899.xml ...
[09:04:22]  INFO Loading skills from 4900-4999.xml ...
[09:04:22]  INFO Loading skills from 5000-5099.xml ...
[09:04:22]  INFO Loading skills from 5100-5199.xml ...
[09:04:22]  INFO Loading skills from 5200-5299.xml ...
[09:04:22]  INFO Loading skills from 5300-5399.xml ...
[09:04:22]  INFO Loading skills from 5400-5499.xml ...
[09:04:22]  INFO Loading skills from 5500-5599.xml ...
[09:04:22]  INFO Loading skills from 5600-5699.xml ...
[09:04:22]  INFO Loading skills from 5700-5799.xml ...
[09:04:23]  INFO Loading skills from 5800-5899.xml ...
[09:04:23]  INFO Loading skills from 5900-5999.xml ...
[09:04:23]  INFO Loading skills from 6000-6099.xml ...
[09:04:23]  INFO Loading skills from 6100-6199.xml ...
[09:04:23]  INFO Loading skills from 6200-6299.xml ...
[09:04:23]  INFO Loading skills from 6300-6399.xml ...
[09:04:23]  INFO Loading skills from 6400-6499.xml ...
[09:04:23]  INFO Loading skills from 6500-6599.xml ...
[09:04:23]  INFO Loading skills from 6600-6699.xml ...
[09:04:23]  INFO Loading skills from 6700-6799.xml ...
[09:04:23]  INFO Loading skills from 6800-6899.xml ...
[09:04:23]  INFO Loading skills from 6900-6999.xml ...
[09:04:23]  INFO Loading skills from 7000-7099.xml ...
[09:04:23]  INFO Loading skills from 9000-9099.xml ...
[09:04:23]  INFO Loading skills from 90000-90099.xml ...
[09:04:23]  INFO SkillsEngine: Loaded 5062 skill templates from XML files. Max id: 90053, max level: 170
[09:04:23]  INFO OptionDataHolder: loaded 16380 option data(s) count.
[09:04:24]  INFO ItemHolder: loaded 9207 item(s) count.
[09:04:24]  INFO VariationGroupHolder: loaded 400 variation group(s) count.
[09:04:24]  INFO VariationChanceHolder: loaded 40 variation chance(s) count.
[09:04:26]  INFO NpcHolder: loaded 6525 npc(s) count.
[09:04:26]  INFO MapRegionManager: loaded 204 map region manager(s) count.
[09:04:26]  INFO MapRegionManager: loaded 204 map region manager(s) count.
[09:04:26]  INFO StaticObjectHolder: loaded 29 static object(s) count.
[09:04:26]  INFO DoorHolder: loaded 551 door(s) count.
[09:04:26]  INFO ZoneHolder: loaded 914 zone(s) count.
[09:04:26]  INFO SpawnHolder: loaded 28523 spawn(s) count.
[09:04:26]  INFO InstantZoneHolder: loaded 9 instant zone(s) count.
[09:04:27]  INFO SkillAcquireHolder: load 45663 normal learns for 89 classes.
[09:04:27]  INFO SkillAcquireHolder: load 553 fishing learns for 5 races.
[09:04:27]  INFO SkillAcquireHolder: load 64 pledge learns.
[09:04:27]  INFO ResidenceHolder: total size: 53
[09:04:27]  INFO ResidenceHolder:  - load 9 castle(s).
[09:04:27]  INFO ResidenceHolder:  - load 44 clanhall(s).
[09:04:27]  INFO RaidBossSpawnManager: Loaded 0 Statuses
[09:04:27]  INFO SevenSigns: Currently in the Competition (Quest Event) period!
[09:04:27]  INFO SevenSigns: The Seal of Avarice remains unclaimed.
[09:04:27]  INFO SevenSigns: The Seal of Gnosis remains unclaimed.
[09:04:27]  INFO SevenSigns: The Seal of Strife remains unclaimed.
[09:04:27]  INFO SevenSigns: The Competition this week, if the trend continue, will end with a tie.
[09:04:27]  INFO SevenSigns: Next period begins in 6 days, 8 hours and 55 mins.
[09:04:27]  INFO EventHolder: loaded 66 event(s) count.
[09:04:27]  INFO CubicHolder: loaded 73 cubic(s) count.
[09:04:27]  INFO RecipeHolder: loaded 870 recipe(s) count.
[09:04:27]  INFO TradeController: Loaded 4 file(s).
[09:04:27]  INFO TradeController: Loaded 21101 Items.
[09:04:27]  INFO TradeController: Loaded 788 Buylists.
[09:04:27]  INFO HennaHolder: loaded 180 henna(s) count.
[09:04:27]  INFO EnchantItemHolder: load 30 enchant item(s).
[09:04:27]  INFO SoulCrystalHolder: loaded 39 soul crystal(s) count.
[09:04:27]  INFO ArmorSetsHolder: loaded 55 armor sets(s) count.
[09:04:27]  INFO FishDataHolder: load 278 fish(es).
[09:04:27]  INFO FishDataHolder: load 30 lure(s).
[09:04:27]  INFO FishDataHolder: load 4 distribution(s).
[09:04:27]  INFO CapsuleItemHolder: loaded 29 capsule item(s) count.
[09:04:27]  INFO CrestCache: Loaded 0 crests
[09:04:27]  INFO SkillTreeTable: Loaded 0 enchanted skills.
[09:04:27]  INFO CharTemplateTable: Loaded 178 Character Templates.
[09:04:27]  INFO PetSkillsTable: Loaded 2711 skills.
[09:04:28]  INFO MoveRouteHolder: loaded 149 move route(s) count.
[09:04:29]  INFO SpawnManager: spawned 7000 npc for group: ALL
[09:04:29]  INFO SpawnManager: spawned 8000 npc for group: ALL
[09:04:29]  INFO SpawnManager: spawned 9000 npc for group: ALL
[09:04:30]  INFO SpawnManager: spawned 14000 npc for group: ALL
[09:04:30]  INFO SpawnManager: spawned 16000 npc for group: ALL
[09:04:30]  INFO SpawnManager: spawned 17000 npc for group: ALL
[09:04:30]  INFO SpawnManager: spawned 18000 npc for group: ALL
[09:04:30]  INFO SpawnManager: spawned 110 npc; spawns: 110; group: [guard_of_andreas]
[09:04:30]  INFO SpawnManager: spawned 23000 npc for group: ALL
[09:04:30]  INFO SpawnManager: spawned 26000 npc for group: ALL
[09:04:31]  INFO SpawnManager: spawned 29000 npc for group: ALL
[09:04:31]  INFO SpawnManager: spawned 30476 npc; spawns: 14335; group: ALL
[09:04:31]  INFO SpawnManager: spawned 1000 npc for group: [treasure_box]
[09:04:31]  INFO SpawnManager: spawned 2000 npc for group: [treasure_box]
[09:04:31]  INFO SpawnManager: spawned 2718 npc; spawns: 2149; group: [treasure_box]
[09:04:31]  INFO SpawnManager: spawned 18 npc; spawns: 18; group: [lotto_manager]
[09:04:31]  INFO BoatHolder: loaded 5 boat(s) count.
[09:04:31]  INFO BoatHolder: Spawning: RunePrimevalBoat
[09:04:31]  INFO BoatHolder: Spawning: GiranTalkingIslandBoat
[09:04:31]  INFO BoatHolder: Spawning: GludinTalkingIslandBoat
[09:04:31]  INFO BoatHolder: Spawning: RuneGludinBoat
[09:04:31]  INFO BoatHolder: Spawning: InnadrilPleasureBoat
[09:04:31]  INFO StaticObjectHolder: spawned: 29 static object(s).
[09:04:31]  INFO Achievements: Loaded 0 achievement(s) for 0 category(ies).
[09:04:31]  INFO AntharasManager: State of Antharas is NOTSPAWN.
[09:04:31]  INFO AntharasManager: Next spawn date of Antharas is 03:00 01.01.1970.
[09:04:31]  INFO BaiumManager: State of Baium is NOTSPAWN.
[09:04:31]  INFO BaiumManager: Next spawn date: 03:00 01.01.1970
[09:04:31]  INFO FourSepulchersManager: Loaded 20 Mysterious-Box spawns.
[09:04:31]  INFO FourSepulchersManager: loaded 716 physical monsters spawns.
[09:04:31]  INFO FourSepulchersManager: loaded 716 magical monsters spawns.
[09:04:31]  INFO FourSepulchersManager: loaded 92 Church of duke monsters spawns.
[09:04:31]  INFO FourSepulchersManager: loaded 68 Emperor's grave NPC spawns.
[09:04:31]  INFO FourSepulchersManager: Spawned Conquerors' Sepulcher Manager
[09:04:31]  INFO FourSepulchersManager: Spawned Emperors' Sepulcher Manager
[09:04:31]  INFO FourSepulchersManager: Spawned Great Sages' Sepulcher Manager
[09:04:31]  INFO FourSepulchersManager: Spawned Judges' Sepulcher Manager
[09:04:31]  INFO FourSepulchersManager: Beginning in Attack time
[09:04:31]  INFO Tue Oct 20 09:04:31 MSK 2020 Atk announce scheduled to 5.0 minute of this hour.
[09:04:31]  INFO FrintezzaManager: State of Frintezza is NOTSPAWN.
[09:04:31]  INFO FrintezzaManager: Next spawn date of Frintezza is Thu Jan 01 03:00:00 MSK 1970.
[09:04:31]  INFO SailrenManager: State of Sailren is NOTSPAWN.
[09:04:31]  INFO SailrenManager: Next spawn date of Sailren is 03:00 01.01.1970.
[09:04:31]  INFO ValakasManager: State of Valakas is NOTSPAWN.
[09:04:31]  INFO ValakasManager: Next spawn date of Valakas is 03:00 01.01.1970.
[09:04:31]  INFO Loaded Event: Christmas [state: deactivated]
[09:04:31]  INFO Loaded Event: Coffer of Shadows [state: deactivated]
[09:04:31]  INFO Loaded Event: Drop Event [state: deactivated]
[09:04:31]  INFO Loaded Event: 'Finder' [state: deactivated]
[09:04:31]  INFO Loaded Event: GvG [state: deactivated]
[09:04:31]  INFO Loaded Event: 'HalloweenEvent' [state: deactivated]
[09:04:31]  INFO Loaded Event: Kamaloka [state: deactivated]
[09:04:31]  INFO Loaded Event: PcCafePointsExchange [state: deactivated]
[09:04:31]  INFO Loaded Event: SavingSnowman [state: deactivated]
[09:04:31]  INFO Loaded Event: StraightHands [state: deactivated]
[09:04:31]  INFO Loaded Event: The Fall Harvest [state: deactivated]
[09:04:31]  INFO Loaded Event: Trick of Trnasmutation [state: deactivated]
[09:04:31]  INFO Loaded Event: TvT [state: deactivated]
[09:04:31]  INFO PvPEvent: [state: inactive]
[09:04:31]  INFO Loaded Event: TvT Arena 1 [state: deactivated]
[09:04:31]  INFO Loaded Event: TvT Arena 2 [state: deactivated]
[09:04:31]  INFO Loaded Event: TvT Arena 3 [state: deactivated]
[09:04:31]  INFO Loaded Event: L2 Medal Collection Event [state: deactivated]
[09:04:31]  INFO Loaded Event: Change of Heart[state: deactivated]
[09:04:31]  INFO Loaded Event: l2day [state: deactivated]
[09:04:31]  INFO Loaded Event: LastHero [state: deactivated]
[09:04:31]  INFO FishTable: Loaded 278 fishes.
[09:04:31]  INFO FishTable: Loaded 919 fish rewards.
[09:04:31]  INFO PetDataTable: Loaded 972 pets.
[09:04:31]  INFO ManorManager: Loaded 256 seeds
[09:04:31]  INFO Buffer: Loaded 217 buff template(s).
[09:04:31]  INFO Buffer: Loaded 1 buff item(s).
[09:04:31]  INFO ClanHelperService: Disabled
[09:04:31]  INFO QuestSellService: Loading ...
[09:04:31]  INFO SupportMagic: Loaded 14 newbie buff(s).
[09:04:31]  INFO CommunityBoard: Clan Community service loaded.
[09:04:31]  INFO CommunityBoard: service loaded.
[09:04:31]  INFO CommunityBoard: Manage Favorites service loaded.
[09:04:31]  INFO CommunityBoard: Manage Friends service loaded.
[09:04:31]  INFO CommunityBoard: Manage Memo service loaded.
[09:04:31]  INFO CommunityBoard: Private Mail service loaded.
[09:04:31]  INFO CommunityBoard: Region service loaded.
[09:04:31]  INFO CommunityBoard: Custom Community Config loaded.
[09:04:31]  INFO CommunityBoard: CommunityServices loaded.
[09:04:31]  INFO CommunityBoard: CommunityTeleport loaded.
[09:04:31]  INFO AutoBuffZone: Loaded 0 auto buff zone(s).
[09:04:31]  INFO ClassIdLimitZone: Loaded 0 player class id limit zone(s).
[09:04:31]  INFO LevelLimitZone: Loaded 1 player level limit zone(s).
[09:04:31]  INFO DimensionalRiftManager: Loaded 7 room types with 58 rooms.
[09:04:31]  INFO DimensionalRiftManager: Loaded 150 dimensional rift spawns, 0 errors.
[09:04:31]  INFO Lottery: Starting ticket sell for lottery #1.
[09:04:31]  INFO Lottery: Stopping ticket sell for lottery #1.
[09:04:31]  INFO Lottery: Ending lottery #1.
[09:04:31]  INFO Lottery: The lucky numbers are 18, 12, 15, 10, 3.
[09:04:31]  INFO Lottery: Encoded lucky numbers are 18948, 2
[09:04:31]  INFO Lottery: Jackpot for next lottery is 50000.
[09:04:31]  INFO NoblesController: loaded 0 nobleses.
[09:04:31]  INFO NoblesController: Computing ranks.
[09:04:31]  INFO Oly: Generating a new season 1
[09:04:31]  INFO OlyController: Season 1 started.
[09:04:31]  INFO OlyController: Season 1 end schedule at 00:00:00 01.11.2020
[09:04:31]  INFO OlyController: Season 1 nomination schedule at 12:00:00 01.11.2020
[09:04:31]  INFO OlyController: Season 1 competitions schedule at [;18:00:00 20.10.2020-00:00:00 21.10.2020;18:00:00 21.10.2020-00:00:00 22.10.2020;18:00:00 22.10.2020-00:00:00 23.10.2020;18:00:00 23.10.2020-00:00:00 24.10.2020;18:00:00 24.10.2020-00:00:00 25.10.2020;18:00:00 25.10.2020-00:00:00 26.10.2020;18:00:00 26.10.2020-00:00:00 27.10.2020;18:00:00 27.10.2020-00:00:00 28.10.2020;18:00:00 28.10.2020-00:00:00 29.10.2020;18:00:00 29.10.2020-00:00:00 30.10.2020;18:00:00 30.10.2020-00:00:00 31.10.2020;18:00:00 31.10.2020-23:55:00 31.10.2020]
[09:04:31]  INFO OlyController: Season 1 bonuses schedule at [;18:30:00 23.10.2020;18:30:00 30.10.2020]
[09:04:31]  INFO Initializing PetitionManager
[09:04:31]  INFO Initializing CoupleManager
[09:04:31]  INFO Loaded: 0 couples(s)
[09:04:31]  INFO CoupleManager initialized
[09:04:31]  INFO AdminCommandHandler: loaded 373 admin command handler(s) count.
[09:04:31]  INFO UserCommandHandler: loaded 15 user command handler(s) count.
[09:04:31]  INFO VoicedCommandHandler: loaded 39 voiced command handler(s) count.
[09:04:31]  INFO =[Events]=========================================
[09:04:32]  INFO CastleSiegeEvent: Gludio Castle time - 16:00 25.10.2020
[09:04:32]  INFO CastleSiegeEvent: Dion Castle time - 16:00 25.10.2020
[09:04:32]  INFO CastleSiegeEvent: Giran Castle time - 20:00 25.10.2020
[09:04:32]  INFO CastleSiegeEvent: Oren Castle time - 20:00 25.10.2020
[09:04:32]  INFO CastleSiegeEvent: Aden Castle time - 16:00 25.10.2020
[09:04:32]  INFO CastleSiegeEvent: Innadril Castle time - 20:00 25.10.2020
[09:04:32]  INFO CastleSiegeEvent: Goddard Castle time - 20:00 25.10.2020
[09:04:32]  INFO CastleSiegeEvent: Rune Castle time - 16:00 25.10.2020
[09:04:32]  INFO CastleSiegeEvent: Schuttgart Castle time - 16:00 25.10.2020
[09:04:32]  INFO ClanHallNpcSiegeEvent: Fortress Of Resistance time - 18:00 26.10.2020
[09:04:32]  INFO ClanHallAuctionEvent: Moonstone Hall time - 15:00 19.10.2020
[09:04:32]  INFO ClanHallAuctionEvent: Onyx Hall time - 15:00 19.10.2020
[09:04:32]  INFO ClanHallAuctionEvent: Topaz Hall time - 15:00 19.10.2020
[09:04:32]  INFO ClanHallAuctionEvent: Ruby Hall time - 15:00 19.10.2020
[09:04:32]  INFO ClanHallAuctionEvent: Crystal Hall time - 15:00 19.10.2020
[09:04:32]  INFO ClanHallAuctionEvent: Onyx Hall time - 15:00 19.10.2020
[09:04:32]  INFO ClanHallAuctionEvent: Sapphire Hall time - 15:00 19.10.2020
[09:04:32]  INFO ClanHallAuctionEvent: Moonstone Hall time - 15:00 19.10.2020
[09:04:32]  INFO ClanHallAuctionEvent: Emerald Hall time - 15:00 19.10.2020
[09:04:32]  INFO ClanHallAuctionEvent: The Atramental Barracks time - 15:00 19.10.2020
[09:04:32]  INFO ClanHallAuctionEvent: The Scarlet Barracks time - 15:00 19.10.2020
[09:04:32]  INFO ClanHallAuctionEvent: The Viridian Barracks time - 15:00 19.10.2020
[09:04:32]  INFO ClanHallSiegeEvent: Devastated Castle time - 18:00 31.10.2020
[09:04:32]  INFO ClanHallTeamBattleEvent: Bandit Stronghold time - 22:00 31.10.2020
[09:04:32]  INFO ClanHallAuctionEvent: The Golden Chamber time - 15:00 19.10.2020
[09:04:32]  INFO ClanHallAuctionEvent: The Silver Chamber time - 15:00 19.10.2020
[09:04:32]  INFO ClanHallAuctionEvent: The Mithril Chamber time - 15:00 19.10.2020
[09:04:32]  INFO ClanHallAuctionEvent: Silver Manor time - 15:00 19.10.2020
[09:04:32]  INFO ClanHallAuctionEvent: Gold Manor time - 15:00 19.10.2020
[09:04:32]  INFO ClanHallAuctionEvent: The Bronze Chamber time - 15:00 19.10.2020
[09:04:32]  INFO ClanHallAuctionEvent: The Golden Chamber time - 15:00 19.10.2020
[09:04:32]  INFO ClanHallAuctionEvent: The Silver Chamber time - 15:00 19.10.2020
[09:04:32]  INFO ClanHallAuctionEvent: The Mithril Chamber time - 15:00 19.10.2020
[09:04:32]  INFO ClanHallAuctionEvent: The Bronze Chamber time - 15:00 19.10.2020
[09:04:32]  INFO ClanHallAuctionEvent: Silver Manor time - 15:00 19.10.2020
[09:04:32]  INFO ClanHallAuctionEvent: Moonstone Hall time - 15:00 19.10.2020
[09:04:32]  INFO ClanHallAuctionEvent: Onyx Hall time - 15:00 19.10.2020
[09:04:32]  INFO ClanHallAuctionEvent: Emerald Hall time - 15:00 19.10.2020
[09:04:32]  INFO ClanHallAuctionEvent: Sapphire Hall time - 15:00 19.10.2020
[09:04:32]  INFO ClanHallAuctionEvent: Mont Chamber time - 15:00 19.10.2020
[09:04:32]  INFO ClanHallAuctionEvent: Astaire Chamber time - 15:00 19.10.2020
[09:04:32]  INFO ClanHallAuctionEvent: Aria Chamber time - 15:00 19.10.2020
[09:04:32]  INFO ClanHallAuctionEvent: Yiana Chamber time - 15:00 19.10.2020
[09:04:32]  INFO ClanHallAuctionEvent: Roien Chamber time - 15:00 19.10.2020
[09:04:32]  INFO ClanHallAuctionEvent: Luna Chamber time - 15:00 19.10.2020
[09:04:32]  INFO ClanHallAuctionEvent: Traban Chamber time - 15:00 19.10.2020
[09:04:32]  INFO ClanHallAuctionEvent: Eisen Hall time - 15:00 19.10.2020
[09:04:32]  INFO ClanHallAuctionEvent: Heavy Metal Hall time - 15:00 19.10.2020
[09:04:32]  INFO ClanHallAuctionEvent: Molten Ore Hall time - 15:00 19.10.2020
[09:04:32]  INFO ClanHallAuctionEvent: Titan Hall time - 15:00 19.10.2020
[09:04:32]  INFO ClanHallMiniGameEvent: Rainbow Springs time - 22:00 31.10.2020
[09:04:32]  INFO ClanHallTeamBattleEvent: Wild Beast Reserve time - 21:00 31.10.2020
[09:04:32]  INFO ClanHallSiegeEvent: Fortress of Dead time - 18:00 31.10.2020
[09:04:32]  INFO ==================================================
[09:04:32]  INFO Manor System: Initializing...
[09:04:32]  INFO IdFactory: Free ObjectID's remaining: 1879010133
[09:04:32]  INFO CursedWeaponsManager: Loaded 2 cursed weapon(s).
[09:04:32]  INFO Fishing Championship Manager : start new event period.
[09:04:32]  INFO L2TopRuManager: Initializing.
[09:04:32]  INFO Scheduled server restart in 19h 55m 28s.
[09:04:32]  INFO GameServer Started
[09:04:32]  INFO Maximum Numbers of Connected Players: 3000
[09:04:32]  INFO Connecting to authserver on 127.0.0.1:9014
[09:04:32]  INFO Registered on authserver as 1 [Bartz]
[09:04:32]  INFO SpawnManager: spawned 444 npc; spawns: 122; group: DAY
[09:04:33]  INFO SpawnManager: spawned 1000 npc for group: [ssq_event]
[09:04:33]  INFO SpawnManager: spawned 2000 npc for group: [ssq_event]
[09:04:33]  INFO SpawnManager: spawned 2612 npc; spawns: 1716; group: [ssq_event]
[09:04:33]  INFO Telnet server is currently disabled.
[09:04:33]  INFO =================================================
[09:04:33]  INFO AllowedMemory: ........... 29127168 KB
[09:04:33]  INFO      Allocated: .......... 942080 KB (3.2344%)
[09:04:33]  INFO      Non-Allocated: ...... 28185088 KB (96.7656%)
[09:04:33]  INFO AllocatedMemory: ......... 942080 KB
[09:04:33]  INFO      Used: ............... 772871 KB (2.6534%)
[09:04:33]  INFO      Unused (cached): .... 169208 KB (0.5809%)
[09:04:33]  INFO UseableMemory: ........... 28354296 KB (97.3466%)
[09:04:33]  INFO =================================================
[09:05:02]  INFO Restored 0 offline traders
[09:05:31]  INFO Lottery: Ending lottery #2.
[09:05:31]  INFO Lottery: The lucky numbers are 12, 5, 6, 13, 16.
[09:05:31]  INFO Lottery: Encoded lucky numbers are 38960, 0
[09:05:31]  INFO Lottery: Jackpot for next lottery is 50000.
[09:06:31]  INFO Lottery: Starting ticket sell for lottery #3.
[09:50:31]  INFO FourSepulchersManager: Entry time: Tue Oct 20 09:55:31 MSK 2020
